<?xml version="1.0" encoding="UTF-8"?>
<!-- Generated by org.testng.reporters.JUnitReportReporter -->
<testsuite skipped="0" hostname="LAPTOP-6RD8PM8O" name="API.Test.TweetsTest" tests="1" failures="0" timestamp="17 Apr 2019 22:39:40 GMT" time="1.603" errors="0">
  <testcase name="testGetUserTimeLine" time="1.603" classname="API.Test.TweetsTest"/>
</testsuite> <!-- API.Test.TweetsTest -->
