<?xml version="1.0" encoding="UTF-8"?>
<!-- Generated by org.testng.reporters.JUnitReportReporter -->
<testsuite skipped="0" hostname="LAPTOP-6RD8PM8O" name="API.Test.TweetsTest" tests="1" failures="0" timestamp="15 Apr 2019 22:28:32 GMT" time="2.763" errors="0">
  <testcase name="testGetUserTimeLine" time="2.763" classname="API.Test.TweetsTest"/>
</testsuite> <!-- API.Test.TweetsTest -->
